[2022-06-08T17:12:01.600] [DEBUG] cheese - login => username:zc,password:123456
[2022-06-08T17:12:02.232] [DEBUG] cheese - zc
[2022-06-08T17:12:04.965] [DEBUG] cheese - null
[2022-06-08T17:12:04.965] [DEBUG] cheese - null
[2022-06-08T17:12:08.198] [DEBUG] cheese - login => username:zc,password:123456
[2022-06-08T17:12:08.198] [DEBUG] cheese - zc
[2022-06-08T17:12:08.201] [DEBUG] cheese - null
[2022-06-08T17:12:08.201] [DEBUG] cheese - null
[2022-06-08T17:13:10.381] [DEBUG] cheese - login => username:admin,password:123456
[2022-06-08T17:13:10.381] [DEBUG] cheese - admin
[2022-06-08T17:13:10.531] [DEBUG] cheese - null
[2022-06-08T17:13:10.531] [DEBUG] cheese - null
[2022-06-08T20:00:08.819] [DEBUG] cheese - login => username:admin,password:123456
[2022-06-08T20:00:08.822] [DEBUG] cheese - admin
[2022-06-08T20:00:11.733] [DEBUG] cheese - null
[2022-06-08T20:00:11.734] [DEBUG] cheese - null
[2022-06-08T20:08:02.665] [DEBUG] cheese - login => username:admin,password:123456
[2022-06-08T20:08:03.171] [DEBUG] cheese - admin
[2022-06-08T20:08:03.869] [DEBUG] cheese - null
[2022-06-08T20:08:03.982] [DEBUG] cheese - null
[2022-06-09T11:44:42.762] [DEBUG] cheese - login => username:admin,password:123456
[2022-06-09T11:44:42.795] [DEBUG] cheese - admin
[2022-06-09T11:44:47.957] [DEBUG] cheese - null
[2022-06-09T11:44:47.958] [DEBUG] cheese - null
[2022-06-09T11:44:55.599] [DEBUG] cheese - login => username:admin,password:123456
[2022-06-09T11:44:55.600] [DEBUG] cheese - admin
[2022-06-09T11:44:55.611] [DEBUG] cheese - null
[2022-06-09T11:44:55.611] [DEBUG] cheese - null
[2022-06-09T15:04:50.895] [DEBUG] cheese - login => username:admin,password:123456
[2022-06-09T15:04:50.932] [DEBUG] cheese - admin
[2022-06-09T15:04:52.817] [DEBUG] cheese - null
[2022-06-09T15:04:52.817] [DEBUG] cheese - null
[2022-06-09T15:05:10.463] [DEBUG] cheese - login => username:admi,password:123456
[2022-06-09T15:05:10.463] [DEBUG] cheese - admi
[2022-06-09T15:05:10.639] [DEBUG] cheese - null
[2022-06-09T15:05:10.639] [DEBUG] cheese - null
[2022-06-09T16:03:44.702] [DEBUG] cheese - login => username:admin,password:123456
[2022-06-09T16:03:44.850] [DEBUG] cheese - admin
[2022-06-09T16:03:45.382] [DEBUG] cheese - login => username:adm,password:123456
[2022-06-09T16:03:45.382] [DEBUG] cheese - adm
[2022-06-09T16:03:46.526] [DEBUG] cheese - login => username:adm,password:123456
[2022-06-09T16:03:46.526] [DEBUG] cheese - adm
[2022-06-09T16:03:47.486] [DEBUG] cheese - login => username:adm,password:123456
[2022-06-09T16:03:47.486] [DEBUG] cheese - adm
[2022-06-09T16:03:47.863] [DEBUG] cheese - login => username:adm,password:123456
[2022-06-09T16:03:47.863] [DEBUG] cheese - adm
[2022-06-09T16:03:48.358] [DEBUG] cheese - login => username:adm,password:123456
[2022-06-09T16:03:48.358] [DEBUG] cheese - adm
[2022-06-09T16:03:52.880] [DEBUG] cheese - null
[2022-06-09T16:03:52.881] [DEBUG] cheese - null
[2022-06-09T16:03:53.247] [DEBUG] cheese - null
[2022-06-09T16:03:53.247] [DEBUG] cheese - null
[2022-06-09T16:03:53.248] [DEBUG] cheese - null
[2022-06-09T16:03:53.249] [DEBUG] cheese - null
[2022-06-09T16:03:53.250] [DEBUG] cheese - null
[2022-06-09T16:03:53.250] [DEBUG] cheese - null
[2022-06-09T16:03:53.252] [DEBUG] cheese - null
[2022-06-09T16:03:53.252] [DEBUG] cheese - null
[2022-06-09T16:03:53.253] [DEBUG] cheese - null
[2022-06-09T16:03:53.254] [DEBUG] cheese - null
[2022-06-09T16:03:53.256] [DEBUG] cheese - login => username:adm,password:123456
[2022-06-09T16:03:53.256] [DEBUG] cheese - adm
[2022-06-09T16:03:53.416] [DEBUG] cheese - login => username:adm,password:123456
[2022-06-09T16:03:53.416] [DEBUG] cheese - adm
[2022-06-09T16:03:53.419] [DEBUG] cheese - login => username:adm,password:123456
[2022-06-09T16:03:53.419] [DEBUG] cheese - adm
[2022-06-09T16:03:53.421] [DEBUG] cheese - login => username:adm,password:123456
[2022-06-09T16:03:53.421] [DEBUG] cheese - adm
[2022-06-09T16:03:53.423] [DEBUG] cheese - login => username:adm,password:123456
[2022-06-09T16:03:53.423] [DEBUG] cheese - adm
[2022-06-09T16:03:53.425] [DEBUG] cheese - login => username:adm,password:123456
[2022-06-09T16:03:53.425] [DEBUG] cheese - adm
[2022-06-09T16:03:53.431] [DEBUG] cheese - null
[2022-06-09T16:03:53.431] [DEBUG] cheese - null
[2022-06-09T16:03:53.432] [DEBUG] cheese - null
[2022-06-09T16:03:53.432] [DEBUG] cheese - null
[2022-06-09T16:03:53.434] [DEBUG] cheese - null
[2022-06-09T16:03:53.434] [DEBUG] cheese - null
[2022-06-09T16:03:53.435] [DEBUG] cheese - null
[2022-06-09T16:03:53.435] [DEBUG] cheese - null
[2022-06-09T16:03:53.529] [DEBUG] cheese - null
[2022-06-09T16:03:53.529] [DEBUG] cheese - null
[2022-06-09T16:03:53.530] [DEBUG] cheese - null
[2022-06-09T16:03:53.531] [DEBUG] cheese - null
[2022-06-09T16:03:53.533] [DEBUG] cheese - login => username:adm,password:123456
[2022-06-09T16:03:53.533] [DEBUG] cheese - adm
[2022-06-09T16:03:53.582] [DEBUG] cheese - login => username:adm,password:123456
[2022-06-09T16:03:53.582] [DEBUG] cheese - adm
[2022-06-09T16:03:53.584] [DEBUG] cheese - login => username:adm,password:123456
[2022-06-09T16:03:53.584] [DEBUG] cheese - adm
[2022-06-09T16:03:53.586] [DEBUG] cheese - login => username:adm,password:123456
[2022-06-09T16:03:53.586] [DEBUG] cheese - adm
[2022-06-09T16:03:53.587] [DEBUG] cheese - login => username:adm,password:123456
[2022-06-09T16:03:53.588] [DEBUG] cheese - adm
[2022-06-09T16:03:53.592] [DEBUG] cheese - login => username:adm,password:123456
[2022-06-09T16:03:53.592] [DEBUG] cheese - adm
[2022-06-09T16:03:53.774] [DEBUG] cheese - null
[2022-06-09T16:03:53.774] [DEBUG] cheese - null
[2022-06-09T16:03:53.776] [DEBUG] cheese - null
[2022-06-09T16:03:53.776] [DEBUG] cheese - null
[2022-06-09T16:03:53.777] [DEBUG] cheese - null
[2022-06-09T16:03:53.778] [DEBUG] cheese - null
[2022-06-09T16:03:53.779] [DEBUG] cheese - null
[2022-06-09T16:03:53.779] [DEBUG] cheese - null
[2022-06-09T16:03:53.786] [DEBUG] cheese - login => username:adm,password:123456
[2022-06-09T16:03:53.786] [DEBUG] cheese - adm
[2022-06-09T16:03:53.788] [DEBUG] cheese - null
[2022-06-09T16:03:53.788] [DEBUG] cheese - null
[2022-06-09T16:03:53.792] [DEBUG] cheese - null
[2022-06-09T16:03:53.792] [DEBUG] cheese - null
[2022-06-09T16:03:53.793] [DEBUG] cheese - null
[2022-06-09T16:03:53.793] [DEBUG] cheese - null
[2022-06-09T16:03:53.795] [DEBUG] cheese - login => username:adm,password:123456
[2022-06-09T16:03:53.795] [DEBUG] cheese - adm
[2022-06-09T16:03:53.798] [DEBUG] cheese - login => username:adm,password:123456
[2022-06-09T16:03:53.798] [DEBUG] cheese - adm
[2022-06-09T16:03:53.852] [DEBUG] cheese - login => username:adm,password:123456
[2022-06-09T16:03:53.853] [DEBUG] cheese - adm
[2022-06-09T16:03:53.861] [DEBUG] cheese - null
[2022-06-09T16:03:53.862] [DEBUG] cheese - null
[2022-06-09T16:03:53.864] [DEBUG] cheese - null
[2022-06-09T16:03:53.864] [DEBUG] cheese - null
[2022-06-09T16:03:53.865] [DEBUG] cheese - null
[2022-06-09T16:03:53.865] [DEBUG] cheese - null
[2022-06-09T16:13:36.702] [DEBUG] cheese - login => username:admin,password:123456
[2022-06-09T16:13:36.707] [DEBUG] cheese - admin
[2022-06-09T16:13:36.753] [DEBUG] cheese - null
[2022-06-09T16:13:36.753] [DEBUG] cheese - null
[2022-06-09T16:21:52.749] [DEBUG] cheese - login => username:admin,password:123456
[2022-06-09T16:21:52.750] [DEBUG] cheese - admin
[2022-06-09T16:21:52.908] [DEBUG] cheese - null
[2022-06-09T16:21:52.908] [DEBUG] cheese - null
[2022-06-09T17:35:26.169] [DEBUG] cheese - login => username:admin,password:123456
[2022-06-09T17:35:26.276] [DEBUG] cheese - admin
[2022-06-09T17:35:29.408] [DEBUG] cheese - login => username:admin,password:123456
[2022-06-09T17:35:29.409] [DEBUG] cheese - admin
[2022-06-09T17:35:29.901] [DEBUG] cheese - null
[2022-06-09T17:35:29.901] [DEBUG] cheese - null
[2022-06-09T17:35:30.466] [DEBUG] cheese - null
[2022-06-09T17:35:30.506] [DEBUG] cheese - null
[2022-06-09T17:40:22.007] [DEBUG] cheese - login => username:admin,password:123456
[2022-06-09T17:40:22.008] [DEBUG] cheese - admin
[2022-06-09T17:40:22.700] [DEBUG] cheese - null
[2022-06-09T17:40:22.701] [DEBUG] cheese - null
[2022-06-09T17:43:20.502] [DEBUG] cheese - login => username:admin,password:123456
[2022-06-09T17:43:20.502] [DEBUG] cheese - admin
[2022-06-09T17:43:21.299] [DEBUG] cheese - null
[2022-06-09T17:43:21.299] [DEBUG] cheese - null
[2022-06-09T17:44:56.775] [DEBUG] cheese - login => username:admin,password:123456
[2022-06-09T17:44:56.794] [DEBUG] cheese - admin
[2022-06-09T17:44:57.117] [DEBUG] cheese - null
[2022-06-09T17:44:57.117] [DEBUG] cheese - null
[2022-06-09T17:45:34.704] [DEBUG] cheese - login => username:admin,password:123456
[2022-06-09T17:45:34.714] [DEBUG] cheese - admin
[2022-06-09T17:45:34.852] [DEBUG] cheese - null
[2022-06-09T17:45:34.852] [DEBUG] cheese - null
[2022-06-09T22:40:44.222] [DEBUG] cheese - login => username:admin,password:123456
[2022-06-09T22:40:44.386] [DEBUG] cheese - admin
[2022-06-09T22:40:44.975] [DEBUG] cheese - null
[2022-06-09T22:40:44.975] [DEBUG] cheese - null
[2022-06-10T09:34:40.128] [DEBUG] cheese - login => username:admin,password:123456
[2022-06-10T09:34:40.140] [DEBUG] cheese - admin
[2022-06-10T09:34:43.341] [DEBUG] cheese - null
[2022-06-10T09:34:43.342] [DEBUG] cheese - null
[2022-06-10T13:12:52.125] [DEBUG] cheese - login => username:admin,password:123456
[2022-06-10T13:12:52.410] [DEBUG] cheese - admin
[2022-06-10T13:12:53.361] [DEBUG] cheese - null
[2022-06-10T13:12:53.366] [DEBUG] cheese - null
[2022-06-10T15:30:05.280] [DEBUG] cheese - login => username:admin,password:123456
[2022-06-10T15:30:05.295] [DEBUG] cheese - admin
[2022-06-10T15:30:05.674] [DEBUG] cheese - null
[2022-06-10T15:30:05.674] [DEBUG] cheese - null
[2022-06-10T15:30:29.471] [DEBUG] cheese - login => username:admin,password:123456
[2022-06-10T15:30:29.527] [DEBUG] cheese - admin
[2022-06-10T15:30:29.529] [DEBUG] cheese - null
[2022-06-10T15:30:29.529] [DEBUG] cheese - null
[2022-06-10T22:31:08.839] [DEBUG] cheese - login => username:admin,password:123456
[2022-06-10T22:31:09.097] [DEBUG] cheese - admin
[2022-06-10T22:31:10.127] [DEBUG] cheese - null
[2022-06-10T22:31:10.149] [DEBUG] cheese - null
[2022-06-10T22:31:10.669] [DEBUG] cheese - login => username:admin,password:123456
[2022-06-10T22:31:10.669] [DEBUG] cheese - admin
[2022-06-10T22:31:11.021] [DEBUG] cheese - null
[2022-06-10T22:31:11.021] [DEBUG] cheese - null
[2022-06-11T09:49:41.959] [DEBUG] cheese - login => username:admin,password:123456
[2022-06-11T09:49:41.971] [DEBUG] cheese - admin
[2022-06-11T09:49:42.929] [DEBUG] cheese - null
[2022-06-11T09:49:42.930] [DEBUG] cheese - null
[2022-06-11T11:37:34.986] [DEBUG] cheese - login => username:admin,password:123456
[2022-06-11T11:37:34.997] [DEBUG] cheese - admin
[2022-06-11T11:37:35.531] [DEBUG] cheese - null
[2022-06-11T11:37:35.532] [DEBUG] cheese - null
[2022-06-11T13:58:58.480] [DEBUG] cheese - login => username:admin,password:123456
[2022-06-11T13:58:58.593] [DEBUG] cheese - admin
[2022-06-11T13:58:58.877] [DEBUG] cheese - null
[2022-06-11T13:58:58.887] [DEBUG] cheese - null
[2022-06-11T17:55:25.087] [DEBUG] cheese - login => username:admin,password:123456
[2022-06-11T17:55:25.136] [DEBUG] cheese - admin
[2022-06-11T17:55:25.404] [DEBUG] cheese - null
[2022-06-11T17:55:25.422] [DEBUG] cheese - null
[2022-06-12T11:41:30.362] [DEBUG] cheese - login => username:admin,password:123456
[2022-06-12T11:41:30.385] [DEBUG] cheese - admin
[2022-06-12T11:41:31.163] [DEBUG] cheese - null
[2022-06-12T11:41:31.170] [DEBUG] cheese - null
[2022-06-12T16:26:27.596] [DEBUG] cheese - login => username:admin,password:123456
[2022-06-12T16:26:27.726] [DEBUG] cheese - admin
[2022-06-12T16:26:27.807] [DEBUG] cheese - null
[2022-06-12T16:26:27.807] [DEBUG] cheese - null
[2022-06-12T19:35:22.957] [DEBUG] cheese - null
[2022-06-12T19:35:42.899] [DEBUG] cheese - null
[2022-06-12T19:42:32.298] [DEBUG] cheese - null
[2022-06-12T19:42:37.771] [DEBUG] cheese - null
[2022-06-13T09:30:41.068] [DEBUG] cheese - login => username:admin,password:123456
[2022-06-13T09:30:41.089] [DEBUG] cheese - admin
[2022-06-13T09:30:41.437] [DEBUG] cheese - null
[2022-06-13T09:30:41.438] [DEBUG] cheese - null
[2022-06-17T22:45:23.236] [DEBUG] cheese - login => username:admin,password:123456
[2022-06-17T22:45:23.271] [DEBUG] cheese - admin
[2022-06-17T22:45:27.402] [DEBUG] cheese - null
[2022-06-17T22:45:27.402] [DEBUG] cheese - null
[2022-06-25T15:59:18.173] [DEBUG] cheese - login => username:admin,password:123456
[2022-06-25T15:59:18.273] [DEBUG] cheese - admin
[2022-06-25T15:59:23.464] [DEBUG] cheese - login => username:admin,password:123456
[2022-06-25T15:59:23.464] [DEBUG] cheese - admin
[2022-06-25T15:59:31.552] [DEBUG] cheese - login => username:admin,password:123456
[2022-06-25T15:59:31.552] [DEBUG] cheese - admin
[2022-06-25T15:59:32.203] [DEBUG] cheese - null
[2022-06-25T15:59:32.240] [DEBUG] cheese - null
[2022-06-25T15:59:32.611] [DEBUG] cheese - null
[2022-06-25T15:59:32.611] [DEBUG] cheese - null
[2022-06-25T15:59:32.715] [DEBUG] cheese - null
[2022-06-25T15:59:32.715] [DEBUG] cheese - null
[2022-06-25T22:23:37.455] [DEBUG] cheese - null
[2022-06-25T22:23:41.636] [DEBUG] cheese - null
[2022-06-25T22:23:46.958] [DEBUG] cheese - null
[2022-06-26T18:31:36.891] [DEBUG] cheese - login => username:admin,password:123456
[2022-06-26T18:31:36.914] [DEBUG] cheese - admin
[2022-06-26T18:31:39.418] [DEBUG] cheese - null
[2022-06-26T18:31:39.418] [DEBUG] cheese - null
[2022-06-27T18:22:51.619] [DEBUG] cheese - login => username:admin,password:123456
[2022-06-27T18:22:51.670] [DEBUG] cheese - admin
[2022-06-27T18:22:53.739] [DEBUG] cheese - login => username:admin,password:123456
[2022-06-27T18:22:53.739] [DEBUG] cheese - admin
[2022-06-27T18:22:53.744] [DEBUG] cheese - login => username:admin,password:123456
[2022-06-27T18:22:53.744] [DEBUG] cheese - admin
[2022-06-27T18:22:53.747] [DEBUG] cheese - login => username:admin,password:123456
[2022-06-27T18:22:53.747] [DEBUG] cheese - admin
[2022-06-27T18:23:01.924] [DEBUG] cheese - login => username:admin,password:123456
[2022-06-27T18:23:01.924] [DEBUG] cheese - admin
[2022-06-27T18:23:04.979] [DEBUG] cheese - login => username:admin,password:123456
[2022-06-27T18:23:04.979] [DEBUG] cheese - admin
[2022-06-27T18:23:12.059] [DEBUG] cheese - null
[2022-06-27T18:23:12.092] [DEBUG] cheese - null
[2022-06-27T18:23:13.076] [DEBUG] cheese - null
[2022-06-27T18:23:13.076] [DEBUG] cheese - null
[2022-06-27T18:23:13.161] [DEBUG] cheese - null
[2022-06-27T18:23:13.161] [DEBUG] cheese - null
[2022-06-27T18:23:13.245] [DEBUG] cheese - null
[2022-06-27T18:23:13.245] [DEBUG] cheese - null
[2022-06-27T18:23:13.469] [DEBUG] cheese - null
[2022-06-27T18:23:13.469] [DEBUG] cheese - null
[2022-06-27T18:23:13.595] [DEBUG] cheese - null
[2022-06-27T18:23:13.595] [DEBUG] cheese - null
[2022-06-27T18:32:44.824] [DEBUG] cheese - login => username:admin,password:123456
[2022-06-27T18:32:45.135] [DEBUG] cheese - admin
[2022-06-27T18:32:45.298] [DEBUG] cheese - null
[2022-06-27T18:32:45.341] [DEBUG] cheese - null
[2022-06-29T18:34:25.180] [DEBUG] cheese - login => username:admin,password:123456
[2022-06-29T18:34:25.219] [DEBUG] cheese - admin
[2022-06-29T18:34:26.393] [DEBUG] cheese - null
[2022-06-29T18:34:26.423] [DEBUG] cheese - null
[2022-07-01T21:13:18.255] [DEBUG] cheese - login => username:admin,password:123456
[2022-07-01T21:13:18.277] [DEBUG] cheese - admin
[2022-07-01T21:13:19.131] [DEBUG] cheese - null
[2022-07-01T21:13:19.158] [DEBUG] cheese - null
[2022-07-02T10:30:48.877] [DEBUG] cheese - login => username:admin,password:123456
[2022-07-02T10:30:49.399] [DEBUG] cheese - admin
[2022-07-02T10:30:50.015] [DEBUG] cheese - login => username:admin,password:123456
[2022-07-02T10:30:50.015] [DEBUG] cheese - admin
[2022-07-02T10:30:53.890] [DEBUG] cheese - null
[2022-07-02T10:30:53.932] [DEBUG] cheese - null
[2022-07-02T10:30:54.209] [DEBUG] cheese - null
[2022-07-02T10:30:54.209] [DEBUG] cheese - null
[2022-07-02T10:54:32.692] [DEBUG] cheese - login => username:admin,password:123456
[2022-07-02T10:54:33.177] [DEBUG] cheese - admin
[2022-07-02T10:54:33.509] [DEBUG] cheese - null
[2022-07-02T10:54:33.510] [DEBUG] cheese - null
[2022-07-02T10:54:50.961] [DEBUG] cheese - login => username:admin,password:123456
[2022-07-02T10:54:50.961] [DEBUG] cheese - admin
[2022-07-02T10:54:50.963] [DEBUG] cheese - null
[2022-07-02T10:54:50.963] [DEBUG] cheese - null
[2022-07-02T10:55:59.386] [DEBUG] cheese - login => username:admin,password:123456
[2022-07-02T10:55:59.386] [DEBUG] cheese - admin
[2022-07-02T10:55:59.388] [DEBUG] cheese - null
[2022-07-02T10:55:59.388] [DEBUG] cheese - null
[2022-07-02T10:56:08.010] [DEBUG] cheese - login => username:admin,password:123456
[2022-07-02T10:56:08.010] [DEBUG] cheese - admin
[2022-07-02T10:56:08.013] [DEBUG] cheese - null
[2022-07-02T10:56:08.013] [DEBUG] cheese - null
[2022-07-02T10:56:18.874] [DEBUG] cheese - login => username:admi,password:123456
[2022-07-02T10:56:18.874] [DEBUG] cheese - admi
[2022-07-02T10:56:18.876] [DEBUG] cheese - null
[2022-07-02T10:56:18.876] [DEBUG] cheese - null
[2022-07-02T10:56:27.235] [DEBUG] cheese - login => username:admin,password:123456
[2022-07-02T10:56:27.236] [DEBUG] cheese - admin
[2022-07-02T10:56:27.260] [DEBUG] cheese - null
[2022-07-02T10:56:27.260] [DEBUG] cheese - null
[2022-07-02T11:00:04.525] [DEBUG] cheese - login => username:admin,password:123456
[2022-07-02T11:00:04.542] [DEBUG] cheese - admin
[2022-07-02T11:00:04.567] [DEBUG] cheese - null
[2022-07-02T11:00:04.567] [DEBUG] cheese - null
[2022-07-02T11:09:01.029] [DEBUG] cheese - null
[2022-07-02T11:09:04.240] [DEBUG] cheese - null
[2022-07-02T11:09:34.301] [DEBUG] cheese - null
[2022-07-02T11:11:02.767] [DEBUG] cheese - null
[2022-07-02T11:11:13.380] [DEBUG] cheese - null
[2022-07-02T11:11:17.036] [DEBUG] cheese - null
[2022-07-02T11:11:27.787] [DEBUG] cheese - null
[2022-07-02T11:11:40.305] [DEBUG] cheese - null
[2022-07-02T11:12:38.263] [DEBUG] cheese - null
[2022-07-04T21:20:26.360] [DEBUG] cheese - login => username:admin,password:123456
[2022-07-04T21:20:26.382] [DEBUG] cheese - admin
[2022-07-04T21:20:28.552] [DEBUG] cheese - null
[2022-07-04T21:20:28.585] [DEBUG] cheese - null
[2022-07-05T20:43:34.755] [DEBUG] cheese - login => username:admin,password:123456
[2022-07-05T20:43:34.894] [DEBUG] cheese - admin
[2022-07-05T20:43:35.360] [DEBUG] cheese - login => username:admin,password:123456
[2022-07-05T20:43:35.360] [DEBUG] cheese - admin
[2022-07-05T20:43:40.955] [DEBUG] cheese - null
[2022-07-05T20:43:41.069] [DEBUG] cheese - null
[2022-07-05T20:43:41.410] [DEBUG] cheese - null
[2022-07-05T20:43:41.410] [DEBUG] cheese - null
[2022-07-05T20:57:18.886] [DEBUG] cheese - login => username:admin,password:123456
[2022-07-05T20:57:18.908] [DEBUG] cheese - admin
[2022-07-05T20:57:19.372] [DEBUG] cheese - null
[2022-07-05T20:57:19.406] [DEBUG] cheese - null
[2022-07-10T15:02:17.851] [DEBUG] cheese - login => username:admin,password:123456
[2022-07-10T15:02:17.895] [DEBUG] cheese - admin
[2022-07-10T15:02:19.709] [DEBUG] cheese - null
[2022-07-10T15:02:19.753] [DEBUG] cheese - null
[2022-07-10T17:35:07.161] [DEBUG] cheese - login => username:admin,password:123456
[2022-07-10T17:35:07.174] [DEBUG] cheese - admin
[2022-07-10T17:35:07.974] [DEBUG] cheese - null
[2022-07-10T17:35:07.974] [DEBUG] cheese - null
[2022-07-10T20:25:10.781] [DEBUG] cheese - null
[2022-07-10T20:25:11.197] [DEBUG] cheese - null
[2022-07-10T20:28:01.475] [DEBUG] cheese - null
[2022-07-10T20:28:18.101] [DEBUG] cheese - null
[2022-07-10T20:36:52.295] [DEBUG] cheese - null
[2022-07-11T19:52:50.410] [DEBUG] cheese - login => username:admin,password:123456
[2022-07-11T19:52:50.432] [DEBUG] cheese - admin
[2022-07-11T19:52:52.350] [DEBUG] cheese - login => username:admin,password:123456
[2022-07-11T19:52:52.350] [DEBUG] cheese - admin
[2022-07-11T19:52:53.870] [DEBUG] cheese - null
[2022-07-11T19:52:53.909] [DEBUG] cheese - null
[2022-07-11T19:52:54.221] [DEBUG] cheese - null
[2022-07-11T19:52:54.222] [DEBUG] cheese - null
[2022-07-11T20:04:03.507] [DEBUG] cheese - login => username:admin,password:123456
[2022-07-11T20:04:03.679] [DEBUG] cheese - admin
[2022-07-11T20:04:03.983] [DEBUG] cheese - login => username:admin,password:123456
[2022-07-11T20:04:03.983] [DEBUG] cheese - admin
[2022-07-11T20:04:04.273] [DEBUG] cheese - null
[2022-07-11T20:04:04.303] [DEBUG] cheese - null
[2022-07-11T20:04:04.549] [DEBUG] cheese - null
[2022-07-11T20:04:04.549] [DEBUG] cheese - null
[2022-07-11T20:37:59.469] [DEBUG] cheese - null
[2022-07-11T21:24:51.860] [DEBUG] cheese - null
[2022-07-11T21:24:52.427] [DEBUG] cheese - null
[2022-07-11T21:24:52.878] [DEBUG] cheese - null
[2022-07-11T21:24:52.982] [DEBUG] cheese - null
[2022-07-11T21:24:53.091] [DEBUG] cheese - null
[2022-07-11T21:24:53.759] [DEBUG] cheese - null
[2022-07-11T21:24:55.746] [DEBUG] cheese - null
[2022-07-11T21:24:55.774] [DEBUG] cheese - null
[2022-07-11T21:24:56.419] [DEBUG] cheese - null
[2022-07-11T21:37:20.575] [DEBUG] cheese - null
[2022-07-11T21:37:54.416] [DEBUG] cheese - null
[2022-07-11T21:40:38.370] [DEBUG] cheese - null
[2022-07-11T21:40:55.561] [DEBUG] cheese - null
[2022-07-11T21:47:38.786] [DEBUG] cheese - null
[2022-07-12T18:36:57.343] [DEBUG] cheese - login => username:admin,password:123456
[2022-07-12T18:36:57.364] [DEBUG] cheese - admin
[2022-07-12T18:36:58.007] [DEBUG] cheese - null
[2022-07-12T18:36:58.030] [DEBUG] cheese - null
[2022-07-12T21:38:52.620] [DEBUG] cheese - null
[2022-07-12T21:39:17.835] [DEBUG] cheese - null
[2022-07-13T14:15:39.878] [DEBUG] cheese - login => username:admin,password:123456
[2022-07-13T14:15:39.947] [DEBUG] cheese - admin
[2022-07-13T14:15:43.168] [DEBUG] cheese - null
[2022-07-13T14:15:43.169] [DEBUG] cheese - null
[2022-07-13T16:57:46.878] [DEBUG] cheese - login => username:admin,password:123456
[2022-07-13T16:57:47.143] [DEBUG] cheese - admin
[2022-07-13T16:57:52.629] [DEBUG] cheese - null
[2022-07-13T16:57:52.678] [DEBUG] cheese - null
[2022-07-13T17:06:55.630] [DEBUG] cheese - login => username:admin,password:123456
[2022-07-13T17:06:55.631] [DEBUG] cheese - admin
[2022-07-13T17:06:56.523] [DEBUG] cheese - null
[2022-07-13T17:06:56.524] [DEBUG] cheese - null
[2022-07-15T20:19:37.687] [DEBUG] cheese - login => username:admin,password:123456
[2022-07-15T20:19:37.706] [DEBUG] cheese - admin
[2022-07-15T20:19:38.600] [DEBUG] cheese - null
[2022-07-15T20:19:38.638] [DEBUG] cheese - null
[2022-07-29T21:33:25.181] [DEBUG] cheese - login => username:admin,password:123456
[2022-07-29T21:33:25.216] [DEBUG] cheese - admin
[2022-07-29T21:33:29.017] [DEBUG] cheese - login => username:admin,password:123456
[2022-07-29T21:33:29.017] [DEBUG] cheese - admin
[2022-07-29T21:33:30.163] [DEBUG] cheese - login => username:admin,password:123456
[2022-07-29T21:33:30.164] [DEBUG] cheese - admin
[2022-07-29T21:33:34.063] [DEBUG] cheese - null
[2022-07-29T21:33:34.063] [DEBUG] cheese - null
[2022-07-29T21:33:34.540] [DEBUG] cheese - null
[2022-07-29T21:33:34.540] [DEBUG] cheese - null
[2022-07-29T21:33:34.724] [DEBUG] cheese - null
[2022-07-29T21:33:34.724] [DEBUG] cheese - null
[2022-07-30T13:00:22.665] [DEBUG] cheese - login => username:admin,password:123456
[2022-07-30T13:00:22.731] [DEBUG] cheese - admin
[2022-07-30T13:00:27.545] [DEBUG] cheese - null
[2022-07-30T13:00:27.564] [DEBUG] cheese - null
[2022-07-30T13:01:15.134] [DEBUG] cheese - login => username:admin,password:123456
[2022-07-30T13:01:15.134] [DEBUG] cheese - admin
[2022-07-30T13:01:15.138] [DEBUG] cheese - null
[2022-07-30T13:01:15.138] [DEBUG] cheese - null
[2022-07-30T14:13:51.897] [DEBUG] cheese - login => username:admin,password:123456
[2022-07-30T14:13:52.681] [DEBUG] cheese - admin
[2022-07-30T14:13:54.970] [DEBUG] cheese - null
[2022-07-30T14:13:54.990] [DEBUG] cheese - null
